Arguments: 
  /usr/local/bin/node /usr/local/bin/yarn add v1.19.1

PATH: 
  /usr/local/bin:/usr/bin:/bin:/usr/sbin:/sbin

Yarn version: 
  1.19.1

Node version: 
  10.16.0

Platform: 
  darwin x64

Trace: 
  Error: https://registry.yarnpkg.com/v1.19.1: Not found
      at Request.params.callback [as _callback] (/usr/local/lib/node_modules/yarn/lib/cli.js:66926:18)
      at Request.self.callback (/usr/local/lib/node_modules/yarn/lib/cli.js:140564:22)
      at Request.emit (events.js:198:13)
      at Request.<anonymous> (/usr/local/lib/node_modules/yarn/lib/cli.js:141536:10)
      at Request.emit (events.js:198:13)
      at IncomingMessage.<anonymous> (/usr/local/lib/node_modules/yarn/lib/cli.js:141458:12)
      at Object.onceWrapper (events.js:286:20)
      at IncomingMessage.emit (events.js:203:15)
      at endReadableNT (_stream_readable.js:1129:12)
      at process._tickCallback (internal/process/next_tick.js:63:19)

npm manifest: 
  {
    "name": "indecision-app",
    "version": "1.0.0",
    "main": "index.js",
    "author": "Michael Riddering",
    "license": "MIT"
  }

yarn manifest: 
  No manifest

Lockfile: 
  No lockfile
